Build started 25/12/2019 4:17:59 p. m..
     1>Project "C:\Users\Nick\Documents\GitHub\Iridium\src\extractfuncs\extractfuncs.vcxproj" on node 2 (Build target(s)).
     1>ClCompile:
         C:\Program Files (x86)\Microsoft Visual Studio 12.0\VC\bin\CL.exe /c /ZI /nologo /W3 /WX- /Od /Oy- /D WIN32 /D _DEBUG /D _CONSOLE /D SCREWUP /D _VC80_UPGRADE=0x0600 /D _MBCS /Gm /EHsc /RTC1 /MTd /GS /fp:precise /Zc:wchar_t /Zc:forScope /Fo"C:\Users\Nick\Documents\GitHub\Iridium\src\\compiled\extractfuncs_Debug\\" /Fd"C:\Users\Nick\Documents\GitHub\Iridium\src\\compiled\extractfuncs_Debug\\vc120.pdb" /Gd /TC /wd4996 /analyze- /errorReport:prompt extractfuncs.c l_log.c l_memory.c l_precomp.c l_script.c
         l_script.c
         l_precomp.c
         l_memory.c
         l_log.c
         extractfuncs.c
         Generating Code...
       Link:
         C:\Program Files (x86)\Microsoft Visual Studio 12.0\VC\bin\link.exe /ERRORREPORT:PROMPT /OUT:"C:\Users\Nick\Documents\GitHub\Iridium\src\\build\tools\/extractfuncs_x86.exe" /INCREMENTAL /NOLOGO odbc32.lib odbccp32.lib kernel32.lib user32.lib gdi32.lib winspool.lib comdlg32.lib advapi32.lib shell32.lib ole32.lib oleaut32.lib uuid.lib odbc32.lib odbccp32.lib /MANIFEST /MANIFESTUAC:"level='asInvoker' uiAccess='false'" /manifest:embed /DEBUG /PDB:"C:\Users\Nick\Documents\GitHub\Iridium\src\\compiled\extractfuncs_Debug\\extractfuncs_x86.pdb" /SUBSYSTEM:CONSOLE /TLBID:1 /DYNAMICBASE:NO /IMPLIB:"C:\Users\Nick\Documents\GitHub\Iridium\src\\build\tools\extractfuncs_x86.lib" /MACHINE:X86 /SAFESEH C:\Users\Nick\Documents\GitHub\Iridium\src\\compiled\extractfuncs_Debug\\extractfuncs.obj
         C:\Users\Nick\Documents\GitHub\Iridium\src\\compiled\extractfuncs_Debug\\l_log.obj
         C:\Users\Nick\Documents\GitHub\Iridium\src\\compiled\extractfuncs_Debug\\l_memory.obj
         C:\Users\Nick\Documents\GitHub\Iridium\src\\compiled\extractfuncs_Debug\\l_precomp.obj
         C:\Users\Nick\Documents\GitHub\Iridium\src\\compiled\extractfuncs_Debug\\l_script.obj
     1>extractfuncs.obj : warning LNK4075: ignoring '/EDITANDCONTINUE' due to '/SAFESEH' specification
         extractfuncs.vcxproj -> C:\Users\Nick\Documents\GitHub\Iridium\src\\build\tools\extractfuncs_x86.exe
     1>Done Building Project "C:\Users\Nick\Documents\GitHub\Iridium\src\extractfuncs\extractfuncs.vcxproj" (Build target(s)).

Build succeeded.

Time Elapsed 00:00:06.21
